<?xml version="1.0" encoding="UTF-8"?>
<testng-results ignored="0" total="3" passed="3" failed="0" skipped="0">
  <reporter-output>
  </reporter-output>
  <suite started-at="2024-03-26T16:25:29 CDT" name="Default suite" finished-at="2024-03-26T16:25:32 CDT" duration-ms="3395">
    <groups>
    </groups>
    <test started-at="2024-03-26T16:25:29 CDT" name="Default test" finished-at="2024-03-26T16:25:32 CDT" duration-ms="3395">
      <class name="tests.PutPatchAndDeleteExamples">
        <test-method signature="testDelete()[pri:0, instance:tests.PutPatchAndDeleteExamples@158da8e]" started-at="2024-03-26T16:25:29 CDT" name="testDelete" finished-at="2024-03-26T16:25:32 CDT" duration-ms="2544" status="PASS">
          <reporter-output>
          </reporter-output>
        </test-method> <!-- testDelete -->
        <test-method signature="testPatch()[pri:0, instance:tests.PutPatchAndDeleteExamples@158da8e]" started-at="2024-03-26T16:25:32 CDT" name="testPatch" finished-at="2024-03-26T16:25:32 CDT" duration-ms="424" status="PASS">
          <reporter-output>
          </reporter-output>
        </test-method> <!-- testPatch -->
        <test-method signature="testPut()[pri:0, instance:tests.PutPatchAndDeleteExamples@158da8e]" started-at="2024-03-26T16:25:32 CDT" name="testPut" finished-at="2024-03-26T16:25:32 CDT" duration-ms="352" status="PASS">
          <reporter-output>
          </reporter-output>
        </test-method> <!-- testPut -->
      </class> <!-- tests.PutPatchAndDeleteExamples -->
    </test> <!-- Default test -->
  </suite> <!-- Default suite -->
</testng-results>
