<?xml version="1.0" encoding="UTF-8"?>
<!-- Generated by org.testng.reporters.JUnitXMLReporter -->
<testsuite ignored="0" hostname="Aditi" failures="0" tests="3" name="Default test" time="3.395" errors="0" timestamp="2024-03-26T16:25:32 CDT">
  <testcase classname="tests.PutPatchAndDeleteExamples" name="testDelete" time="2.544"/>
  <testcase classname="tests.PutPatchAndDeleteExamples" name="testPatch" time="0.424"/>
  <testcase classname="tests.PutPatchAndDeleteExamples" name="testPut" time="0.352"/>
</testsuite> <!-- Default test -->
